[23:40:04] [ServerMain/INFO]: Environment: Environment[sessionHost=https://sessionserver.mojang.com, servicesHost=https://api.minecraftservices.com, name=PROD]
[23:40:05] [ServerMain/INFO]: Loaded 7 recipes
[23:40:05] [ServerMain/INFO]: Loaded 1271 advancements
[23:40:05] [Server thread/INFO]: Starting minecraft server version 1.20.4
[23:40:05] [Server thread/INFO]: Loading properties
[23:40:05] [Server thread/INFO]: Default game type: SURVIVAL
[23:40:05] [Server thread/INFO]: Generating keypair
[23:40:06] [Server thread/INFO]: Starting Minecraft server on *:25565
[23:40:06] [Server thread/INFO]: Using epoll channel type
[23:40:06] [Server thread/WARN]: **** SERVER IS RUNNING IN OFFLINE/INSECURE MODE!
[23:40:06] [Server thread/WARN]: The server will make no attempt to authenticate usernames. Beware.
[23:40:06] [Server thread/WARN]: While this makes the game possible to play without internet access, it also opens up the ability for hackers to connect with any username they choose.
[23:40:06] [Server thread/WARN]: To change this, set "online-mode" to "true" in the server.properties file.
[23:40:06] [Server thread/INFO]: Preparing level "world"
[23:40:07] [Server thread/INFO]: Preparing start region for dimension minecraft:overworld
[23:40:09] [Worker-Main-6/INFO]: Preparing spawn area: 0%
[23:40:09] [Worker-Main-5/INFO]: Preparing spawn area: 0%
[23:40:09] [Worker-Main-4/INFO]: Preparing spawn area: 0%
[23:40:09] [Worker-Main-3/INFO]: Preparing spawn area: 0%
[23:40:09] [Worker-Main-1/INFO]: Preparing spawn area: 0%
[23:40:09] [Worker-Main-3/INFO]: Preparing spawn area: 0%
[23:40:10] [Worker-Main-6/INFO]: Preparing spawn area: 31%
[23:40:10] [Server thread/INFO]: Time elapsed: 3289 ms
[23:40:10] [Server thread/INFO]: Done (4.489s)! For help, type "help"
[23:40:10] [Server thread/INFO]: Starting remote control listener
[23:40:10] [Server thread/INFO]: Thread RCON Listener started
[23:40:10] [Server thread/INFO]: RCON running on 0.0.0.0:25575
[23:41:34] [Server thread/INFO]: alexVpenev[/172.18.0.1:57546] logged in with entity id 23 at (584.6999999880791, 74.9375, 24.317243521201373)
[23:41:34] [Server thread/INFO]: alexVpenev joined the game
[23:46:31] [Server thread/INFO]: alexVpenev lost connection: Disconnected
[23:46:31] [Server thread/INFO]: alexVpenev left the game
[23:58:38] [RCON Listener #1/INFO]: Thread RCON Client /127.0.0.1 started
[23:58:38] [Server thread/INFO]: [Rcon: Stopping the server]
[23:58:38] [RCON Client /127.0.0.1 #2/INFO]: Thread RCON Client /127.0.0.1 shutting down
[23:58:38] [Server thread/INFO]: Stopping server
[23:58:38] [Server thread/INFO]: Saving players
[23:58:38] [Server thread/INFO]: Saving worlds
[23:58:38] [Server thread/INFO]: Saving chunks for level 'ServerLevel[world]'/minecraft:overworld
[23:58:40] [Server thread/INFO]: Saving chunks for level 'ServerLevel[world]'/minecraft:the_nether
[23:58:40] [Server thread/INFO]: Saving chunks for level 'ServerLevel[world]'/minecraft:the_end
[23:58:40] [Server thread/INFO]: ThreadedAnvilChunkStorage (world): All chunks are saved
[23:58:40] [Server thread/INFO]: ThreadedAnvilChunkStorage (DIM-1): All chunks are saved
[23:58:40] [Server thread/INFO]: ThreadedAnvilChunkStorage (DIM1): All chunks are saved
[23:58:40] [Server thread/INFO]: ThreadedAnvilChunkStorage: All dimensions are saved
[23:58:40] [Server thread/INFO]: Thread RCON Listener stopped
